
> playground@0.1.0 build D:\programming\notr-ui\apps\playground
> next build

   ▲ Next.js 15.4.5

   Creating an optimized production build ...
 ✓ Compiled successfully in 6.0s
   Linting and checking validity of types ...
   Collecting page data ...
   Generating static pages (0/6) ...
   Generating static pages (1/6) 
   Generating static pages (2/6) 
   Generating static pages (4/6) 
 ✓ Generating static pages (6/6)
   Finalizing page optimization ...
   Collecting build traces ...

Route (app)                                 Size  First Load JS
┌ ○ /                                    3.43 kB         485 kB
├ ○ /_not-found                            996 B         101 kB
└ ○ /ui                                  3.43 kB         485 kB
+ First Load JS shared by all             100 kB
  ├ chunks/852-2120659f9664b099.js       43.9 kB
  ├ chunks/b12fa0b3-2db5a15fff3d4d07.js  54.1 kB
  └ other shared chunks (total)          1.99 kB


○  (Static)  prerendered as static content

